<?xml version="1.0" encoding="UTF-8"?>
<!-- Generated by org.testng.reporters.JUnitReportReporter -->
<testsuite hostname="DESKTOP-GO6GOPM" failures="0" tests="1" name="com.actitime.testscript.TestMethodCls" time="13.150" errors="0" timestamp="2022-12-19T15:49:28 IST" skipped="0">
  <testcase classname="com.actitime.testscript.TestMethodCls" name="validLogin" time="13.150"/>
  <system-out/>
</testsuite> <!-- com.actitime.testscript.TestMethodCls -->
