<?xml version="1.0" encoding="UTF-8"?>
<!-- Generated by org.testng.reporters.JUnitReportReporter -->
<testsuite hostname="DESKTOP-GO6GOPM" failures="0" tests="1" name="com.actitime.testscript.Demo" time="0.014" errors="0" timestamp="2022-10-26T23:07:09 IST" skipped="0">
  <testcase classname="com.actitime.testscript.Demo" name="testDemo" time="0.014"/>
  <system-out>
    <![CDATA[welcome to testNG]]>
  </system-out>
</testsuite> <!-- com.actitime.testscript.Demo -->
